<?xml version="1.0" encoding="UTF-8"?>
<coverage generated="1770972108850" clover="3.2.0">
  <project timestamp="1770972108850" name="All files">
    <metrics statements="69" coveredstatements="50" conditionals="44" coveredconditionals="38" methods="13" coveredmethods="6" elements="126" coveredelements="94" complexity="0" loc="69" ncloc="69" packages="1" files="3" classes="3"/>
    <file name="main.js" path="/Users/julie/WebstormProjects/moteur-de-validation/src/main.js">
      <metrics statements="15" coveredstatements="0" conditionals="4" coveredconditionals="0" methods="6" coveredmethods="0"/>
      <line num="4" count="0" type="stmt"/>
      <line num="6" count="0" type="stmt"/>
      <line num="7" count="0" type="cond" truecount="0" falsecount="2"/>
      <line num="8" count="0" type="cond" truecount="0" falsecount="2"/>
      <line num="9" count="0" type="stmt"/>
      <line num="12" count="0" type="stmt"/>
      <line num="13" count="0" type="stmt"/>
      <line num="15" count="0" type="stmt"/>
      <line num="16" count="0" type="stmt"/>
      <line num="19" count="0" type="stmt"/>
      <line num="20" count="0" type="stmt"/>
      <line num="21" count="0" type="stmt"/>
      <line num="23" count="0" type="stmt"/>
      <line num="26" count="0" type="stmt"/>
      <line num="30" count="0" type="stmt"/>
    </file>
    <file name="module.js" path="/Users/julie/WebstormProjects/moteur-de-validation/src/module.js">
      <metrics statements="7" coveredstatements="7" conditionals="6" coveredconditionals="6" methods="1" coveredmethods="1"/>
      <line num="8" count="11" type="cond" truecount="2" falsecount="0"/>
      <line num="9" count="1" type="stmt"/>
      <line num="11" count="10" type="cond" truecount="4" falsecount="0"/>
      <line num="12" count="7" type="stmt"/>
      <line num="14" count="3" type="stmt"/>
      <line num="15" count="3" type="stmt"/>
      <line num="16" count="3" type="stmt"/>
    </file>
    <file name="validator.js" path="/Users/julie/WebstormProjects/moteur-de-validation/src/validator.js">
      <metrics statements="47" coveredstatements="43" conditionals="34" coveredconditionals="32" methods="6" coveredmethods="5"/>
      <line num="11" count="4" type="cond" truecount="4" falsecount="0"/>
      <line num="12" count="1" type="stmt"/>
      <line num="15" count="3" type="stmt"/>
      <line num="17" count="3" type="cond" truecount="2" falsecount="0"/>
      <line num="18" count="1" type="stmt"/>
      <line num="21" count="2" type="stmt"/>
      <line num="31" count="6" type="cond" truecount="2" falsecount="0"/>
      <line num="32" count="1" type="stmt"/>
      <line num="35" count="5" type="stmt"/>
      <line num="37" count="5" type="cond" truecount="2" falsecount="0"/>
      <line num="38" count="3" type="stmt"/>
      <line num="41" count="2" type="stmt"/>
      <line num="53" count="8" type="cond" truecount="1" falsecount="1"/>
      <line num="54" count="0" type="stmt"/>
      <line num="58" count="8" type="cond" truecount="2" falsecount="0"/>
      <line num="59" count="2" type="stmt"/>
      <line num="62" count="6" type="stmt"/>
      <line num="64" count="6" type="cond" truecount="2" falsecount="0"/>
      <line num="65" count="3" type="stmt"/>
      <line num="68" count="3" type="stmt"/>
      <line num="78" count="4" type="cond" truecount="1" falsecount="1"/>
      <line num="79" count="0" type="stmt"/>
      <line num="82" count="4" type="stmt"/>
      <line num="84" count="4" type="cond" truecount="2" falsecount="0"/>
      <line num="85" count="2" type="stmt"/>
      <line num="88" count="2" type="stmt"/>
      <line num="98" count="3" type="cond" truecount="4" falsecount="0"/>
      <line num="99" count="1" type="stmt"/>
      <line num="102" count="2" type="stmt"/>
      <line num="104" count="2" type="stmt"/>
      <line num="105" count="2" type="cond" truecount="2" falsecount="0"/>
      <line num="106" count="1" type="stmt"/>
      <line num="109" count="2" type="stmt"/>
      <line num="110" count="2" type="cond" truecount="2" falsecount="0"/>
      <line num="111" count="1" type="stmt"/>
      <line num="114" count="2" type="stmt"/>
      <line num="115" count="2" type="cond" truecount="2" falsecount="0"/>
      <line num="116" count="1" type="stmt"/>
      <line num="119" count="2" type="stmt"/>
      <line num="120" count="2" type="cond" truecount="2" falsecount="0"/>
      <line num="121" count="1" type="stmt"/>
      <line num="124" count="2" type="stmt"/>
      <line num="125" count="2" type="cond" truecount="2" falsecount="0"/>
      <line num="126" count="1" type="stmt"/>
      <line num="129" count="2" type="stmt"/>
      <line num="142" count="0" type="stmt"/>
      <line num="143" count="0" type="stmt"/>
    </file>
  </project>
</coverage>
