{"/Users/julie/WebstormProjects/moteur-de-validation/src/module.js": {"path":"/Users/julie/WebstormProjects/moteur-de-validation/src/module.js","statementMap":{"0":{"start":{"line":8,"column":2},"end":{"line":10,"column":3}},"1":{"start":{"line":9,"column":4},"end":{"line":9,"column":39}},"2":{"start":{"line":11,"column":2},"end":{"line":13,"column":3}},"3":{"start":{"line":12,"column":4},"end":{"line":12,"column":42}},"4":{"start":{"line":14,"column":17},"end":{"line":14,"column":57}},"5":{"start":{"line":15,"column":12},"end":{"line":15,"column":54}},"6":{"start":{"line":16,"column":2},"end":{"line":16,"column":13}}},"fnMap":{"0":{"name":"calculateAge","decl":{"start":{"line":7,"column":9},"end":{"line":7,"column":21}},"loc":{"start":{"line":7,"column":25},"end":{"line":18,"column":1}},"line":7}},"branchMap":{"0":{"loc":{"start":{"line":8,"column":2},"end":{"line":10,"column":3}},"type":"if","locations":[{"start":{"line":8,"column":2},"end":{"line":10,"column":3}},{"start":{},"end":{}}],"line":8},"1":{"loc":{"start":{"line":11,"column":2},"end":{"line":13,"column":3}},"type":"if","locations":[{"start":{"line":11,"column":2},"end":{"line":13,"column":3}},{"start":{},"end":{}}],"line":11},"2":{"loc":{"start":{"line":11,"column":6},"end":{"line":11,"column":60}},"type":"binary-expr","locations":[{"start":{"line":11,"column":6},"end":{"line":11,"column":32}},{"start":{"line":11,"column":36},"end":{"line":11,"column":60}}],"line":11}},"s":{"0":11,"1":1,"2":10,"3":7,"4":3,"5":3,"6":3},"f":{"0":11},"b":{"0":[1,10],"1":[7,3],"2":[10,4]},"_coverageSchema":"1a1c01bbd47fc00a2c39e90264f33305004495a9","hash":"333469ef8568d7565af9c0e9c8cfee84fe5c4651"}
,"/Users/julie/WebstormProjects/moteur-de-validation/src/validator.js": {"path":"/Users/julie/WebstormProjects/moteur-de-validation/src/validator.js","statementMap":{"0":{"start":{"line":10,"column":2},"end":{"line":12,"column":3}},"1":{"start":{"line":11,"column":4},"end":{"line":11,"column":60}},"2":{"start":{"line":14,"column":12},"end":{"line":14,"column":46}},"3":{"start":{"line":16,"column":2},"end":{"line":18,"column":3}},"4":{"start":{"line":17,"column":4},"end":{"line":17,"column":55}},"5":{"start":{"line":20,"column":2},"end":{"line":20,"column":25}},"6":{"start":{"line":30,"column":2},"end":{"line":32,"column":3}},"7":{"start":{"line":31,"column":4},"end":{"line":31,"column":55}},"8":{"start":{"line":34,"column":14},"end":{"line":34,"column":26}},"9":{"start":{"line":36,"column":2},"end":{"line":38,"column":3}},"10":{"start":{"line":37,"column":4},"end":{"line":37,"column":62}},"11":{"start":{"line":40,"column":2},"end":{"line":40,"column":25}},"12":{"start":{"line":51,"column":2},"end":{"line":53,"column":3}},"13":{"start":{"line":52,"column":4},"end":{"line":52,"column":55}},"14":{"start":{"line":56,"column":2},"end":{"line":58,"column":3}},"15":{"start":{"line":57,"column":4},"end":{"line":57,"column":55}},"16":{"start":{"line":60,"column":14},"end":{"line":60,"column":40}},"17":{"start":{"line":62,"column":2},"end":{"line":64,"column":3}},"18":{"start":{"line":63,"column":4},"end":{"line":63,"column":59}},"19":{"start":{"line":66,"column":2},"end":{"line":66,"column":25}},"20":{"start":{"line":76,"column":2},"end":{"line":78,"column":3}},"21":{"start":{"line":77,"column":4},"end":{"line":77,"column":55}},"22":{"start":{"line":80,"column":14},"end":{"line":80,"column":42}},"23":{"start":{"line":82,"column":2},"end":{"line":84,"column":3}},"24":{"start":{"line":83,"column":4},"end":{"line":83,"column":56}},"25":{"start":{"line":86,"column":2},"end":{"line":86,"column":25}},"26":{"start":{"line":96,"column":2},"end":{"line":98,"column":3}},"27":{"start":{"line":97,"column":4},"end":{"line":97,"column":57}},"28":{"start":{"line":100,"column":15},"end":{"line":100,"column":17}},"29":{"start":{"line":102,"column":18},"end":{"line":102,"column":41}},"30":{"start":{"line":103,"column":2},"end":{"line":105,"column":3}},"31":{"start":{"line":104,"column":4},"end":{"line":104,"column":37}},"32":{"start":{"line":107,"column":21},"end":{"line":107,"column":56}},"33":{"start":{"line":108,"column":2},"end":{"line":110,"column":3}},"34":{"start":{"line":109,"column":4},"end":{"line":109,"column":40}},"35":{"start":{"line":112,"column":24},"end":{"line":112,"column":56}},"36":{"start":{"line":113,"column":2},"end":{"line":115,"column":3}},"37":{"start":{"line":114,"column":4},"end":{"line":114,"column":58}},"38":{"start":{"line":117,"column":23},"end":{"line":117,"column":54}},"39":{"start":{"line":118,"column":2},"end":{"line":120,"column":3}},"40":{"start":{"line":119,"column":4},"end":{"line":119,"column":56}},"41":{"start":{"line":122,"column":20},"end":{"line":122,"column":45}},"42":{"start":{"line":123,"column":2},"end":{"line":125,"column":3}},"43":{"start":{"line":124,"column":4},"end":{"line":124,"column":39}},"44":{"start":{"line":127,"column":2},"end":{"line":130,"column":4}}},"fnMap":{"0":{"name":"validateAge","decl":{"start":{"line":9,"column":9},"end":{"line":9,"column":20}},"loc":{"start":{"line":9,"column":32},"end":{"line":21,"column":1}},"line":9},"1":{"name":"validatePostalCode","decl":{"start":{"line":29,"column":9},"end":{"line":29,"column":27}},"loc":{"start":{"line":29,"column":40},"end":{"line":41,"column":1}},"line":29},"2":{"name":"validateIdentity","decl":{"start":{"line":50,"column":9},"end":{"line":50,"column":25}},"loc":{"start":{"line":50,"column":36},"end":{"line":67,"column":1}},"line":50},"3":{"name":"validateEmail","decl":{"start":{"line":75,"column":9},"end":{"line":75,"column":22}},"loc":{"start":{"line":75,"column":30},"end":{"line":87,"column":1}},"line":75},"4":{"name":"validateForm","decl":{"start":{"line":95,"column":9},"end":{"line":95,"column":21}},"loc":{"start":{"line":95,"column":28},"end":{"line":131,"column":1}},"line":95}},"branchMap":{"0":{"loc":{"start":{"line":10,"column":2},"end":{"line":12,"column":3}},"type":"if","locations":[{"start":{"line":10,"column":2},"end":{"line":12,"column":3}},{"start":{},"end":{}}],"line":10},"1":{"loc":{"start":{"line":10,"column":6},"end":{"line":10,"column":64}},"type":"binary-expr","locations":[{"start":{"line":10,"column":6},"end":{"line":10,"column":34}},{"start":{"line":10,"column":38},"end":{"line":10,"column":64}}],"line":10},"2":{"loc":{"start":{"line":16,"column":2},"end":{"line":18,"column":3}},"type":"if","locations":[{"start":{"line":16,"column":2},"end":{"line":18,"column":3}},{"start":{},"end":{}}],"line":16},"3":{"loc":{"start":{"line":30,"column":2},"end":{"line":32,"column":3}},"type":"if","locations":[{"start":{"line":30,"column":2},"end":{"line":32,"column":3}},{"start":{},"end":{}}],"line":30},"4":{"loc":{"start":{"line":36,"column":2},"end":{"line":38,"column":3}},"type":"if","locations":[{"start":{"line":36,"column":2},"end":{"line":38,"column":3}},{"start":{},"end":{}}],"line":36},"5":{"loc":{"start":{"line":51,"column":2},"end":{"line":53,"column":3}},"type":"if","locations":[{"start":{"line":51,"column":2},"end":{"line":53,"column":3}},{"start":{},"end":{}}],"line":51},"6":{"loc":{"start":{"line":56,"column":2},"end":{"line":58,"column":3}},"type":"if","locations":[{"start":{"line":56,"column":2},"end":{"line":58,"column":3}},{"start":{},"end":{}}],"line":56},"7":{"loc":{"start":{"line":62,"column":2},"end":{"line":64,"column":3}},"type":"if","locations":[{"start":{"line":62,"column":2},"end":{"line":64,"column":3}},{"start":{},"end":{}}],"line":62},"8":{"loc":{"start":{"line":76,"column":2},"end":{"line":78,"column":3}},"type":"if","locations":[{"start":{"line":76,"column":2},"end":{"line":78,"column":3}},{"start":{},"end":{}}],"line":76},"9":{"loc":{"start":{"line":82,"column":2},"end":{"line":84,"column":3}},"type":"if","locations":[{"start":{"line":82,"column":2},"end":{"line":84,"column":3}},{"start":{},"end":{}}],"line":82},"10":{"loc":{"start":{"line":96,"column":2},"end":{"line":98,"column":3}},"type":"if","locations":[{"start":{"line":96,"column":2},"end":{"line":98,"column":3}},{"start":{},"end":{}}],"line":96},"11":{"loc":{"start":{"line":96,"column":6},"end":{"line":96,"column":39}},"type":"binary-expr","locations":[{"start":{"line":96,"column":6},"end":{"line":96,"column":11}},{"start":{"line":96,"column":15},"end":{"line":96,"column":39}}],"line":96},"12":{"loc":{"start":{"line":103,"column":2},"end":{"line":105,"column":3}},"type":"if","locations":[{"start":{"line":103,"column":2},"end":{"line":105,"column":3}},{"start":{},"end":{}}],"line":103},"13":{"loc":{"start":{"line":108,"column":2},"end":{"line":110,"column":3}},"type":"if","locations":[{"start":{"line":108,"column":2},"end":{"line":110,"column":3}},{"start":{},"end":{}}],"line":108},"14":{"loc":{"start":{"line":113,"column":2},"end":{"line":115,"column":3}},"type":"if","locations":[{"start":{"line":113,"column":2},"end":{"line":115,"column":3}},{"start":{},"end":{}}],"line":113},"15":{"loc":{"start":{"line":118,"column":2},"end":{"line":120,"column":3}},"type":"if","locations":[{"start":{"line":118,"column":2},"end":{"line":120,"column":3}},{"start":{},"end":{}}],"line":118},"16":{"loc":{"start":{"line":123,"column":2},"end":{"line":125,"column":3}},"type":"if","locations":[{"start":{"line":123,"column":2},"end":{"line":125,"column":3}},{"start":{},"end":{}}],"line":123}},"s":{"0":4,"1":1,"2":3,"3":3,"4":1,"5":2,"6":6,"7":1,"8":5,"9":5,"10":3,"11":2,"12":8,"13":0,"14":8,"15":2,"16":6,"17":6,"18":3,"19":3,"20":4,"21":0,"22":4,"23":4,"24":2,"25":2,"26":3,"27":1,"28":2,"29":2,"30":2,"31":1,"32":2,"33":2,"34":1,"35":2,"36":2,"37":1,"38":2,"39":2,"40":1,"41":2,"42":2,"43":1,"44":2},"f":{"0":4,"1":6,"2":8,"3":4,"4":3},"b":{"0":[1,3],"1":[4,4],"2":[1,2],"3":[1,5],"4":[3,2],"5":[0,8],"6":[2,6],"7":[3,3],"8":[0,4],"9":[2,2],"10":[1,2],"11":[3,2],"12":[1,1],"13":[1,1],"14":[1,1],"15":[1,1],"16":[1,1]},"_coverageSchema":"1a1c01bbd47fc00a2c39e90264f33305004495a9","hash":"258152ed21e5daf811bf19a10ac0e78d1ecb0fa1"}
}
