{"/Users/julie/WebstormProjects/moteur-de-validation/src/main.js": {"path":"/Users/julie/WebstormProjects/moteur-de-validation/src/main.js","statementMap":{"0":{"start":{"line":4,"column":16},"end":{"line":4,"column":17}},"1":{"start":{"line":6,"column":29},"end":{"line":10,"column":3}},"2":{"start":{"line":7,"column":4},"end":{"line":7,"column":41}},"3":{"start":{"line":7,"column":22},"end":{"line":7,"column":41}},"4":{"start":{"line":8,"column":4},"end":{"line":8,"column":42}},"5":{"start":{"line":8,"column":23},"end":{"line":8,"column":42}},"6":{"start":{"line":9,"column":4},"end":{"line":9,"column":17}},"7":{"start":{"line":12,"column":21},"end":{"line":17,"column":3}},"8":{"start":{"line":13,"column":4},"end":{"line":13,"column":40}},"9":{"start":{"line":15,"column":17},"end":{"line":15,"column":29}},"10":{"start":{"line":16,"column":4},"end":{"line":16,"column":29}},"11":{"start":{"line":19,"column":2},"end":{"line":19,"column":100}},"12":{"start":{"line":19,"column":75},"end":{"line":19,"column":98}},"13":{"start":{"line":20,"column":2},"end":{"line":20,"column":100}},"14":{"start":{"line":20,"column":75},"end":{"line":20,"column":98}},"15":{"start":{"line":21,"column":2},"end":{"line":21,"column":100}},"16":{"start":{"line":21,"column":75},"end":{"line":21,"column":98}},"17":{"start":{"line":23,"column":2},"end":{"line":23,"column":42}},"18":{"start":{"line":26,"column":2},"end":{"line":26,"column":16}},"19":{"start":{"line":30,"column":0},"end":{"line":30,"column":55}}},"fnMap":{"0":{"name":"setupCounter","decl":{"start":{"line":2,"column":16},"end":{"line":2,"column":28}},"loc":{"start":{"line":2,"column":38},"end":{"line":27,"column":1}},"line":2},"1":{"name":"(anonymous_1)","decl":{"start":{"line":6,"column":29},"end":{"line":6,"column":30}},"loc":{"start":{"line":6,"column":38},"end":{"line":10,"column":3}},"line":6},"2":{"name":"(anonymous_2)","decl":{"start":{"line":12,"column":21},"end":{"line":12,"column":22}},"loc":{"start":{"line":12,"column":30},"end":{"line":17,"column":3}},"line":12},"3":{"name":"(anonymous_3)","decl":{"start":{"line":19,"column":69},"end":{"line":19,"column":70}},"loc":{"start":{"line":19,"column":75},"end":{"line":19,"column":98}},"line":19},"4":{"name":"(anonymous_4)","decl":{"start":{"line":20,"column":69},"end":{"line":20,"column":70}},"loc":{"start":{"line":20,"column":75},"end":{"line":20,"column":98}},"line":20},"5":{"name":"(anonymous_5)","decl":{"start":{"line":21,"column":69},"end":{"line":21,"column":70}},"loc":{"start":{"line":21,"column":75},"end":{"line":21,"column":98}},"line":21}},"branchMap":{"0":{"loc":{"start":{"line":7,"column":4},"end":{"line":7,"column":41}},"type":"if","locations":[{"start":{"line":7,"column":4},"end":{"line":7,"column":41}},{"start":{},"end":{}}],"line":7},"1":{"loc":{"start":{"line":8,"column":4},"end":{"line":8,"column":42}},"type":"if","locations":[{"start":{"line":8,"column":4},"end":{"line":8,"column":42}},{"start":{},"end":{}}],"line":8}},"s":{"0":0,"1":0,"2":0,"3":0,"4":0,"5":0,"6":0,"7":0,"8":0,"9":0,"10":0,"11":0,"12":0,"13":0,"14":0,"15":0,"16":0,"17":0,"18":0,"19":0},"f":{"0":0,"1":0,"2":0,"3":0,"4":0,"5":0},"b":{"0":[0,0],"1":[0,0]}}
,"/Users/julie/WebstormProjects/moteur-de-validation/src/module.js": {"path":"/Users/julie/WebstormProjects/moteur-de-validation/src/module.js","statementMap":{"0":{"start":{"line":8,"column":2},"end":{"line":10,"column":3}},"1":{"start":{"line":9,"column":4},"end":{"line":9,"column":39}},"2":{"start":{"line":11,"column":2},"end":{"line":13,"column":3}},"3":{"start":{"line":12,"column":4},"end":{"line":12,"column":42}},"4":{"start":{"line":14,"column":17},"end":{"line":14,"column":57}},"5":{"start":{"line":15,"column":12},"end":{"line":15,"column":54}},"6":{"start":{"line":16,"column":2},"end":{"line":16,"column":13}}},"fnMap":{"0":{"name":"calculateAge","decl":{"start":{"line":7,"column":9},"end":{"line":7,"column":21}},"loc":{"start":{"line":7,"column":25},"end":{"line":18,"column":1}},"line":7}},"branchMap":{"0":{"loc":{"start":{"line":8,"column":2},"end":{"line":10,"column":3}},"type":"if","locations":[{"start":{"line":8,"column":2},"end":{"line":10,"column":3}},{"start":{},"end":{}}],"line":8},"1":{"loc":{"start":{"line":11,"column":2},"end":{"line":13,"column":3}},"type":"if","locations":[{"start":{"line":11,"column":2},"end":{"line":13,"column":3}},{"start":{},"end":{}}],"line":11},"2":{"loc":{"start":{"line":11,"column":6},"end":{"line":11,"column":60}},"type":"binary-expr","locations":[{"start":{"line":11,"column":6},"end":{"line":11,"column":32}},{"start":{"line":11,"column":36},"end":{"line":11,"column":60}}],"line":11}},"s":{"0":11,"1":1,"2":10,"3":7,"4":3,"5":3,"6":3},"f":{"0":11},"b":{"0":[1,10],"1":[7,3],"2":[10,4]},"_coverageSchema":"1a1c01bbd47fc00a2c39e90264f33305004495a9","hash":"333469ef8568d7565af9c0e9c8cfee84fe5c4651"}
,"/Users/julie/WebstormProjects/moteur-de-validation/src/validator.js": {"path":"/Users/julie/WebstormProjects/moteur-de-validation/src/validator.js","statementMap":{"0":{"start":{"line":11,"column":2},"end":{"line":13,"column":3}},"1":{"start":{"line":12,"column":4},"end":{"line":12,"column":60}},"2":{"start":{"line":15,"column":12},"end":{"line":15,"column":46}},"3":{"start":{"line":17,"column":2},"end":{"line":19,"column":3}},"4":{"start":{"line":18,"column":4},"end":{"line":18,"column":55}},"5":{"start":{"line":21,"column":2},"end":{"line":21,"column":25}},"6":{"start":{"line":31,"column":2},"end":{"line":33,"column":3}},"7":{"start":{"line":32,"column":4},"end":{"line":32,"column":55}},"8":{"start":{"line":35,"column":14},"end":{"line":35,"column":26}},"9":{"start":{"line":37,"column":2},"end":{"line":39,"column":3}},"10":{"start":{"line":38,"column":4},"end":{"line":38,"column":62}},"11":{"start":{"line":41,"column":2},"end":{"line":41,"column":25}},"12":{"start":{"line":53,"column":2},"end":{"line":55,"column":3}},"13":{"start":{"line":54,"column":4},"end":{"line":54,"column":55}},"14":{"start":{"line":58,"column":2},"end":{"line":60,"column":3}},"15":{"start":{"line":59,"column":4},"end":{"line":59,"column":55}},"16":{"start":{"line":62,"column":14},"end":{"line":62,"column":40}},"17":{"start":{"line":64,"column":2},"end":{"line":66,"column":3}},"18":{"start":{"line":65,"column":4},"end":{"line":65,"column":59}},"19":{"start":{"line":68,"column":2},"end":{"line":68,"column":25}},"20":{"start":{"line":78,"column":2},"end":{"line":80,"column":3}},"21":{"start":{"line":79,"column":4},"end":{"line":79,"column":55}},"22":{"start":{"line":82,"column":14},"end":{"line":82,"column":42}},"23":{"start":{"line":84,"column":2},"end":{"line":86,"column":3}},"24":{"start":{"line":85,"column":4},"end":{"line":85,"column":56}},"25":{"start":{"line":88,"column":2},"end":{"line":88,"column":25}},"26":{"start":{"line":98,"column":2},"end":{"line":100,"column":3}},"27":{"start":{"line":99,"column":4},"end":{"line":99,"column":57}},"28":{"start":{"line":102,"column":15},"end":{"line":102,"column":17}},"29":{"start":{"line":104,"column":18},"end":{"line":104,"column":41}},"30":{"start":{"line":105,"column":2},"end":{"line":107,"column":3}},"31":{"start":{"line":106,"column":4},"end":{"line":106,"column":37}},"32":{"start":{"line":109,"column":21},"end":{"line":109,"column":56}},"33":{"start":{"line":110,"column":2},"end":{"line":112,"column":3}},"34":{"start":{"line":111,"column":4},"end":{"line":111,"column":40}},"35":{"start":{"line":114,"column":24},"end":{"line":114,"column":56}},"36":{"start":{"line":115,"column":2},"end":{"line":117,"column":3}},"37":{"start":{"line":116,"column":4},"end":{"line":116,"column":58}},"38":{"start":{"line":119,"column":23},"end":{"line":119,"column":54}},"39":{"start":{"line":120,"column":2},"end":{"line":122,"column":3}},"40":{"start":{"line":121,"column":4},"end":{"line":121,"column":56}},"41":{"start":{"line":124,"column":20},"end":{"line":124,"column":45}},"42":{"start":{"line":125,"column":2},"end":{"line":127,"column":3}},"43":{"start":{"line":126,"column":4},"end":{"line":126,"column":39}},"44":{"start":{"line":129,"column":2},"end":{"line":132,"column":4}},"45":{"start":{"line":142,"column":17},"end":{"line":142,"column":35}},"46":{"start":{"line":143,"column":2},"end":{"line":143,"column":22}}},"fnMap":{"0":{"name":"validateAge","decl":{"start":{"line":10,"column":9},"end":{"line":10,"column":20}},"loc":{"start":{"line":10,"column":32},"end":{"line":22,"column":1}},"line":10},"1":{"name":"validatePostalCode","decl":{"start":{"line":30,"column":9},"end":{"line":30,"column":27}},"loc":{"start":{"line":30,"column":40},"end":{"line":42,"column":1}},"line":30},"2":{"name":"validateIdentity","decl":{"start":{"line":52,"column":9},"end":{"line":52,"column":25}},"loc":{"start":{"line":52,"column":36},"end":{"line":69,"column":1}},"line":52},"3":{"name":"validateEmail","decl":{"start":{"line":77,"column":9},"end":{"line":77,"column":22}},"loc":{"start":{"line":77,"column":30},"end":{"line":89,"column":1}},"line":77},"4":{"name":"validateForm","decl":{"start":{"line":97,"column":9},"end":{"line":97,"column":21}},"loc":{"start":{"line":97,"column":28},"end":{"line":133,"column":1}},"line":97},"5":{"name":"isFormValid","decl":{"start":{"line":141,"column":9},"end":{"line":141,"column":20}},"loc":{"start":{"line":141,"column":27},"end":{"line":144,"column":1}},"line":141}},"branchMap":{"0":{"loc":{"start":{"line":11,"column":2},"end":{"line":13,"column":3}},"type":"if","locations":[{"start":{"line":11,"column":2},"end":{"line":13,"column":3}},{"start":{},"end":{}}],"line":11},"1":{"loc":{"start":{"line":11,"column":6},"end":{"line":11,"column":64}},"type":"binary-expr","locations":[{"start":{"line":11,"column":6},"end":{"line":11,"column":34}},{"start":{"line":11,"column":38},"end":{"line":11,"column":64}}],"line":11},"2":{"loc":{"start":{"line":17,"column":2},"end":{"line":19,"column":3}},"type":"if","locations":[{"start":{"line":17,"column":2},"end":{"line":19,"column":3}},{"start":{},"end":{}}],"line":17},"3":{"loc":{"start":{"line":31,"column":2},"end":{"line":33,"column":3}},"type":"if","locations":[{"start":{"line":31,"column":2},"end":{"line":33,"column":3}},{"start":{},"end":{}}],"line":31},"4":{"loc":{"start":{"line":37,"column":2},"end":{"line":39,"column":3}},"type":"if","locations":[{"start":{"line":37,"column":2},"end":{"line":39,"column":3}},{"start":{},"end":{}}],"line":37},"5":{"loc":{"start":{"line":53,"column":2},"end":{"line":55,"column":3}},"type":"if","locations":[{"start":{"line":53,"column":2},"end":{"line":55,"column":3}},{"start":{},"end":{}}],"line":53},"6":{"loc":{"start":{"line":58,"column":2},"end":{"line":60,"column":3}},"type":"if","locations":[{"start":{"line":58,"column":2},"end":{"line":60,"column":3}},{"start":{},"end":{}}],"line":58},"7":{"loc":{"start":{"line":64,"column":2},"end":{"line":66,"column":3}},"type":"if","locations":[{"start":{"line":64,"column":2},"end":{"line":66,"column":3}},{"start":{},"end":{}}],"line":64},"8":{"loc":{"start":{"line":78,"column":2},"end":{"line":80,"column":3}},"type":"if","locations":[{"start":{"line":78,"column":2},"end":{"line":80,"column":3}},{"start":{},"end":{}}],"line":78},"9":{"loc":{"start":{"line":84,"column":2},"end":{"line":86,"column":3}},"type":"if","locations":[{"start":{"line":84,"column":2},"end":{"line":86,"column":3}},{"start":{},"end":{}}],"line":84},"10":{"loc":{"start":{"line":98,"column":2},"end":{"line":100,"column":3}},"type":"if","locations":[{"start":{"line":98,"column":2},"end":{"line":100,"column":3}},{"start":{},"end":{}}],"line":98},"11":{"loc":{"start":{"line":98,"column":6},"end":{"line":98,"column":39}},"type":"binary-expr","locations":[{"start":{"line":98,"column":6},"end":{"line":98,"column":11}},{"start":{"line":98,"column":15},"end":{"line":98,"column":39}}],"line":98},"12":{"loc":{"start":{"line":105,"column":2},"end":{"line":107,"column":3}},"type":"if","locations":[{"start":{"line":105,"column":2},"end":{"line":107,"column":3}},{"start":{},"end":{}}],"line":105},"13":{"loc":{"start":{"line":110,"column":2},"end":{"line":112,"column":3}},"type":"if","locations":[{"start":{"line":110,"column":2},"end":{"line":112,"column":3}},{"start":{},"end":{}}],"line":110},"14":{"loc":{"start":{"line":115,"column":2},"end":{"line":117,"column":3}},"type":"if","locations":[{"start":{"line":115,"column":2},"end":{"line":117,"column":3}},{"start":{},"end":{}}],"line":115},"15":{"loc":{"start":{"line":120,"column":2},"end":{"line":122,"column":3}},"type":"if","locations":[{"start":{"line":120,"column":2},"end":{"line":122,"column":3}},{"start":{},"end":{}}],"line":120},"16":{"loc":{"start":{"line":125,"column":2},"end":{"line":127,"column":3}},"type":"if","locations":[{"start":{"line":125,"column":2},"end":{"line":127,"column":3}},{"start":{},"end":{}}],"line":125}},"s":{"0":4,"1":1,"2":3,"3":3,"4":1,"5":2,"6":6,"7":1,"8":5,"9":5,"10":3,"11":2,"12":8,"13":0,"14":8,"15":2,"16":6,"17":6,"18":3,"19":3,"20":4,"21":0,"22":4,"23":4,"24":2,"25":2,"26":3,"27":1,"28":2,"29":2,"30":2,"31":1,"32":2,"33":2,"34":1,"35":2,"36":2,"37":1,"38":2,"39":2,"40":1,"41":2,"42":2,"43":1,"44":2,"45":0,"46":0},"f":{"0":4,"1":6,"2":8,"3":4,"4":3,"5":0},"b":{"0":[1,3],"1":[4,4],"2":[1,2],"3":[1,5],"4":[3,2],"5":[0,8],"6":[2,6],"7":[3,3],"8":[0,4],"9":[2,2],"10":[1,2],"11":[3,2],"12":[1,1],"13":[1,1],"14":[1,1],"15":[1,1],"16":[1,1]},"_coverageSchema":"1a1c01bbd47fc00a2c39e90264f33305004495a9","hash":"4e1113f9b1872bcc5ded3492f25ae501553c4055"}
}
