TN:
SF:src/main.js
FN:2,setupCounter
FN:6,(anonymous_1)
FN:12,(anonymous_2)
FN:19,(anonymous_3)
FN:20,(anonymous_4)
FN:21,(anonymous_5)
FNF:6
FNH:0
FNDA:0,setupCounter
FNDA:0,(anonymous_1)
FNDA:0,(anonymous_2)
FNDA:0,(anonymous_3)
FNDA:0,(anonymous_4)
FNDA:0,(anonymous_5)
DA:4,0
DA:6,0
DA:7,0
DA:8,0
DA:9,0
DA:12,0
DA:13,0
DA:15,0
DA:16,0
DA:19,0
DA:20,0
DA:21,0
DA:23,0
DA:26,0
DA:30,0
LF:15
LH:0
BRDA:7,0,0,0
BRDA:7,0,1,0
BRDA:8,1,0,0
BRDA:8,1,1,0
BRF:4
BRH:0
end_of_record
TN:
SF:src/module.js
FN:7,calculateAge
FNF:1
FNH:1
FNDA:11,calculateAge
DA:8,11
DA:9,1
DA:11,10
DA:12,7
DA:14,3
DA:15,3
DA:16,3
LF:7
LH:7
BRDA:8,0,0,1
BRDA:8,0,1,10
BRDA:11,1,0,7
BRDA:11,1,1,3
BRDA:11,2,0,10
BRDA:11,2,1,4
BRF:6
BRH:6
end_of_record
TN:
SF:src/validator.js
FN:10,validateAge
FN:30,validatePostalCode
FN:52,validateIdentity
FN:77,validateEmail
FN:97,validateForm
FN:141,isFormValid
FNF:6
FNH:5
FNDA:4,validateAge
FNDA:6,validatePostalCode
FNDA:8,validateIdentity
FNDA:4,validateEmail
FNDA:3,validateForm
FNDA:0,isFormValid
DA:11,4
DA:12,1
DA:15,3
DA:17,3
DA:18,1
DA:21,2
DA:31,6
DA:32,1
DA:35,5
DA:37,5
DA:38,3
DA:41,2
DA:53,8
DA:54,0
DA:58,8
DA:59,2
DA:62,6
DA:64,6
DA:65,3
DA:68,3
DA:78,4
DA:79,0
DA:82,4
DA:84,4
DA:85,2
DA:88,2
DA:98,3
DA:99,1
DA:102,2
DA:104,2
DA:105,2
DA:106,1
DA:109,2
DA:110,2
DA:111,1
DA:114,2
DA:115,2
DA:116,1
DA:119,2
DA:120,2
DA:121,1
DA:124,2
DA:125,2
DA:126,1
DA:129,2
DA:142,0
DA:143,0
LF:47
LH:43
BRDA:11,0,0,1
BRDA:11,0,1,3
BRDA:11,1,0,4
BRDA:11,1,1,4
BRDA:17,2,0,1
BRDA:17,2,1,2
BRDA:31,3,0,1
BRDA:31,3,1,5
BRDA:37,4,0,3
BRDA:37,4,1,2
BRDA:53,5,0,0
BRDA:53,5,1,8
BRDA:58,6,0,2
BRDA:58,6,1,6
BRDA:64,7,0,3
BRDA:64,7,1,3
BRDA:78,8,0,0
BRDA:78,8,1,4
BRDA:84,9,0,2
BRDA:84,9,1,2
BRDA:98,10,0,1
BRDA:98,10,1,2
BRDA:98,11,0,3
BRDA:98,11,1,2
BRDA:105,12,0,1
BRDA:105,12,1,1
BRDA:110,13,0,1
BRDA:110,13,1,1
BRDA:115,14,0,1
BRDA:115,14,1,1
BRDA:120,15,0,1
BRDA:120,15,1,1
BRDA:125,16,0,1
BRDA:125,16,1,1
BRF:34
BRH:32
end_of_record
