TN:
SF:src/module.js
FN:7,calculateAge
FNF:1
FNH:1
FNDA:11,calculateAge
DA:8,11
DA:9,1
DA:11,10
DA:12,7
DA:14,3
DA:15,3
DA:16,3
LF:7
LH:7
BRDA:8,0,0,1
BRDA:8,0,1,10
BRDA:11,1,0,7
BRDA:11,1,1,3
BRDA:11,2,0,10
BRDA:11,2,1,4
BRF:6
BRH:6
end_of_record
TN:
SF:src/validator.js
FN:9,validateAge
FN:29,validatePostalCode
FN:50,validateIdentity
FN:75,validateEmail
FN:95,validateForm
FNF:5
FNH:5
FNDA:4,validateAge
FNDA:6,validatePostalCode
FNDA:7,validateIdentity
FNDA:4,validateEmail
FNDA:3,validateForm
DA:10,4
DA:11,1
DA:14,3
DA:16,3
DA:17,1
DA:20,2
DA:30,6
DA:31,1
DA:34,5
DA:36,5
DA:37,3
DA:40,2
DA:51,7
DA:52,0
DA:56,7
DA:57,2
DA:60,5
DA:62,5
DA:63,2
DA:66,3
DA:76,4
DA:77,0
DA:80,4
DA:82,4
DA:83,2
DA:86,2
DA:96,3
DA:97,1
DA:100,2
DA:102,2
DA:103,2
DA:104,1
DA:107,2
DA:108,2
DA:109,1
DA:112,2
DA:113,2
DA:114,1
DA:117,2
DA:118,2
DA:119,1
DA:122,2
DA:123,2
DA:124,1
DA:127,2
LF:45
LH:43
BRDA:10,0,0,1
BRDA:10,0,1,3
BRDA:10,1,0,4
BRDA:10,1,1,4
BRDA:16,2,0,1
BRDA:16,2,1,2
BRDA:30,3,0,1
BRDA:30,3,1,5
BRDA:36,4,0,3
BRDA:36,4,1,2
BRDA:51,5,0,0
BRDA:51,5,1,7
BRDA:56,6,0,2
BRDA:56,6,1,5
BRDA:62,7,0,2
BRDA:62,7,1,3
BRDA:76,8,0,0
BRDA:76,8,1,4
BRDA:82,9,0,2
BRDA:82,9,1,2
BRDA:96,10,0,1
BRDA:96,10,1,2
BRDA:96,11,0,3
BRDA:96,11,1,2
BRDA:103,12,0,1
BRDA:103,12,1,1
BRDA:108,13,0,1
BRDA:108,13,1,1
BRDA:113,14,0,1
BRDA:113,14,1,1
BRDA:118,15,0,1
BRDA:118,15,1,1
BRDA:123,16,0,1
BRDA:123,16,1,1
BRF:34
BRH:32
end_of_record
